<?xml version="1.0" encoding="UTF-8"?>
<coverage generated="1611909882493" clover="3.2.0">
  <project timestamp="1611909882493" name="All files">
    <metrics statements="29" coveredstatements="24" conditionals="6" coveredconditionals="2" methods="6" coveredmethods="4" elements="41" coveredelements="30" complexity="0" loc="29" ncloc="29" packages="2" files="3" classes="3"/>
    <package name="fixtures">
      <metrics statements="26" coveredstatements="21" conditionals="6" coveredconditionals="2" methods="6" coveredmethods="4"/>
      <file name="db.ts" path="/home/dima/Documents/IvorySoft/fun/idaq/shopping-api/test/fixtures/db.ts">
        <metrics statements="10" coveredstatements="10" conditionals="2" coveredconditionals="1" methods="1" coveredmethods="1"/>
        <line num="1" count="1" type="stmt"/>
        <line num="3" count="1" type="stmt"/>
        <line num="10" count="1" type="stmt"/>
        <line num="17" count="1" type="stmt"/>
        <line num="23" count="1" type="stmt"/>
        <line num="24" count="10" type="stmt"/>
        <line num="25" count="10" type="cond" truecount="1" falsecount="1"/>
        <line num="26" count="10" type="stmt"/>
        <line num="27" count="10" type="stmt"/>
        <line num="28" count="10" type="stmt"/>
      </file>
      <file name="mongooseInit.ts" path="/home/dima/Documents/IvorySoft/fun/idaq/shopping-api/test/fixtures/mongooseInit.ts">
        <metrics statements="16" coveredstatements="11" conditionals="4" coveredconditionals="1" methods="5" coveredmethods="3"/>
        <line num="1" count="2" type="stmt"/>
        <line num="3" count="2" type="stmt"/>
        <line num="4" count="2" type="stmt"/>
        <line num="5" count="2" type="stmt"/>
        <line num="7" count="2" type="stmt"/>
        <line num="8" count="0" type="cond" truecount="0" falsecount="2"/>
        <line num="9" count="0" type="stmt"/>
        <line num="13" count="2" type="stmt"/>
        <line num="14" count="2" type="stmt"/>
        <line num="15" count="2" type="stmt"/>
        <line num="21" count="2" type="stmt"/>
        <line num="24" count="2" type="cond" truecount="1" falsecount="1"/>
        <line num="25" count="2" type="stmt"/>
        <line num="30" count="0" type="stmt"/>
        <line num="31" count="0" type="stmt"/>
        <line num="32" count="0" type="stmt"/>
      </file>
    </package>
    <package name="fixtures.models">
      <metrics statements="3" coveredstatements="3" conditionals="0" coveredconditionals="0" methods="0" coveredmethods="0"/>
      <file name="users.ts" path="/home/dima/Documents/IvorySoft/fun/idaq/shopping-api/test/fixtures/models/users.ts">
        <metrics statements="3" coveredstatements="3" conditionals="0" coveredconditionals="0" methods="0" coveredmethods="0"/>
        <line num="1" count="1" type="stmt"/>
        <line num="3" count="1" type="stmt"/>
        <line num="5" count="1" type="stmt"/>
      </file>
    </package>
  </project>
</coverage>
