TN:
SF:test/fixtures/db.ts
FN:23,(anonymous_0)
FNF:1
FNH:1
FNDA:10,(anonymous_0)
DA:1,1
DA:3,1
DA:10,1
DA:17,1
DA:23,1
DA:24,10
DA:25,10
DA:26,10
DA:27,10
DA:28,10
LF:10
LH:10
BRDA:25,0,0,10
BRDA:25,0,1,0
BRF:2
BRH:1
end_of_record
TN:
SF:test/fixtures/mongooseInit.ts
FN:3,(anonymous_0)
FN:7,(anonymous_1)
FN:13,(anonymous_2)
FN:23,(anonymous_3)
FN:29,(anonymous_4)
FNF:5
FNH:3
FNDA:2,(anonymous_0)
FNDA:0,(anonymous_1)
FNDA:2,(anonymous_2)
FNDA:2,(anonymous_3)
FNDA:0,(anonymous_4)
DA:1,2
DA:3,2
DA:4,2
DA:5,2
DA:7,2
DA:8,0
DA:9,0
DA:13,2
DA:14,2
DA:15,2
DA:21,2
DA:24,2
DA:25,2
DA:30,0
DA:31,0
DA:32,0
LF:16
LH:11
BRDA:8,0,0,0
BRDA:8,0,1,0
BRDA:24,1,0,2
BRDA:24,1,1,0
BRF:4
BRH:1
end_of_record
TN:
SF:test/fixtures/models/users.ts
FNF:0
FNH:0
DA:1,1
DA:3,1
DA:5,1
LF:3
LH:3
BRF:0
BRH:0
end_of_record
